TN:
SF:src\application\usecase\GetSession.ts
FN:4,GetSession
FN:6,execute
FNF:2
FNH:2
FNDA:1,GetSession
FNDA:1,execute
DA:1,1
DA:2,1
DA:3,1
DA:4,1
DA:5,1
DA:6,1
DA:7,1
DA:8,1
DA:9,1
DA:10,1
LF:10
LH:10
BRDA:4,0,0,1
BRDA:6,1,0,1
BRF:2
BRH:2
end_of_record
TN:
SF:src\application\usecase\Login.ts
FN:5,Login
FN:10,execute
FNF:2
FNH:2
FNDA:1,Login
FNDA:1,execute
DA:1,1
DA:2,1
DA:3,1
DA:4,1
DA:5,1
DA:6,1
DA:7,1
DA:8,1
DA:9,1
DA:10,1
DA:11,1
DA:12,1
DA:13,1
DA:14,1
DA:15,1
DA:16,0
DA:17,0
DA:18,1
DA:19,1
DA:20,1
DA:21,1
DA:22,1
DA:23,1
DA:24,1
DA:25,1
DA:26,1
DA:27,1
DA:28,1
DA:29,1
DA:30,1
DA:31,1
DA:32,1
DA:33,1
DA:34,1
DA:35,1
DA:36,1
LF:36
LH:34
BRDA:5,0,0,1
BRDA:10,1,0,1
BRDA:15,2,0,0
BRF:3
BRH:2
end_of_record
TN:
SF:src\application\usecase\Signup.ts
FN:5,Signup
FN:7,execute
FNF:2
FNH:2
FNDA:2,Signup
FNDA:2,execute
DA:1,1
DA:2,1
DA:3,1
DA:4,1
DA:5,1
DA:6,1
DA:7,1
DA:8,2
DA:9,2
DA:10,2
DA:11,2
DA:12,2
DA:13,2
DA:14,1
DA:15,1
DA:16,1
DA:17,1
DA:18,1
DA:19,1
DA:20,1
DA:21,1
DA:22,1
DA:23,1
DA:24,1
LF:24
LH:24
BRDA:5,0,0,2
BRDA:7,1,0,2
BRDA:14,2,0,1
BRF:3
BRH:3
end_of_record
TN:
SF:src\domain\entity\User.ts
FN:7,User
FN:20,create
FN:34,buildExistingUser
FN:49,validatePassword
FNF:4
FNH:3
FNDA:3,User
FNDA:6,create
FNDA:0,buildExistingUser
FNDA:1,validatePassword
DA:1,1
DA:2,1
DA:3,1
DA:4,1
DA:5,1
DA:6,1
DA:7,1
DA:8,3
DA:9,3
DA:10,3
DA:11,3
DA:12,3
DA:13,3
DA:14,3
DA:15,3
DA:16,0
DA:17,0
DA:18,3
DA:19,1
DA:20,1
DA:21,6
DA:22,6
DA:23,6
DA:24,6
DA:25,6
DA:26,6
DA:27,6
DA:28,6
DA:29,6
DA:30,3
DA:31,3
DA:32,3
DA:33,1
DA:34,1
DA:35,0
DA:36,0
DA:37,0
DA:38,0
DA:39,0
DA:40,0
DA:41,0
DA:42,0
DA:43,0
DA:44,0
DA:45,0
DA:46,0
DA:47,0
DA:48,1
DA:49,1
DA:50,1
DA:51,1
DA:52,1
LF:52
LH:37
BRDA:7,0,0,3
BRDA:15,1,0,0
BRDA:20,2,0,6
BRDA:29,3,0,3
BRDA:49,4,0,1
BRF:5
BRH:4
end_of_record
TN:
SF:src\domain\specification\Specification.ts
FN:11,and
FN:15,or
FN:19,not
FN:28,AndSpecification
FN:34,isSatisfiedBy
FN:43,OrSpecification
FN:49,isSatisfiedBy
FN:57,NotSpecification
FN:62,isSatisfiedBy
FNF:9
FNH:3
FNDA:0,and
FNDA:0,or
FNDA:3,not
FNDA:0,AndSpecification
FNDA:0,isSatisfiedBy
FNDA:0,OrSpecification
FNDA:0,isSatisfiedBy
FNDA:3,NotSpecification
FNDA:3,isSatisfiedBy
DA:1,1
DA:2,1
DA:3,1
DA:4,1
DA:5,1
DA:6,1
DA:7,1
DA:8,1
DA:9,1
DA:10,1
DA:11,1
DA:12,0
DA:13,0
DA:14,1
DA:15,1
DA:16,0
DA:17,0
DA:18,1
DA:19,1
DA:20,3
DA:21,3
DA:22,1
DA:23,1
DA:24,1
DA:25,1
DA:26,1
DA:27,1
DA:28,1
DA:29,0
DA:30,0
DA:31,0
DA:32,0
DA:33,1
DA:34,1
DA:35,0
DA:36,0
DA:37,1
DA:38,1
DA:39,1
DA:40,1
DA:41,1
DA:42,1
DA:43,1
DA:44,0
DA:45,0
DA:46,0
DA:47,0
DA:48,1
DA:49,1
DA:50,0
DA:51,0
DA:52,1
DA:53,1
DA:54,1
DA:55,1
DA:56,1
DA:57,1
DA:58,3
DA:59,3
DA:60,3
DA:61,1
DA:62,1
DA:63,3
DA:64,3
DA:65,1
LF:65
LH:49
BRDA:19,0,0,3
BRDA:57,1,0,3
BRDA:62,2,0,3
BRF:3
BRH:3
end_of_record
TN:
SF:src\domain\specification\UserAgeSpecification.ts
FN:5,isSatisfiedBy
FNF:1
FNH:1
FNDA:3,isSatisfiedBy
DA:1,1
DA:2,1
DA:3,1
DA:4,1
DA:5,1
DA:6,3
DA:7,3
DA:8,1
LF:8
LH:8
BRDA:5,0,0,3
BRF:1
BRH:1
end_of_record
TN:
SF:src\domain\valueObject\Email.ts
FN:3,Email
FN:10,get value
FNF:2
FNH:2
FNDA:7,Email
FNDA:4,get value
DA:1,1
DA:2,1
DA:3,1
DA:4,7
DA:5,1
DA:6,1
DA:7,6
DA:8,6
DA:9,1
DA:10,1
DA:11,4
DA:12,4
DA:13,1
LF:13
LH:13
BRDA:3,0,0,7
BRDA:4,1,0,6
BRDA:4,2,0,1
BRDA:10,3,0,4
BRF:4
BRH:4
end_of_record
TN:
SF:src\domain\valueObject\Name.ts
FN:3,Name
FN:10,get value
FNF:2
FNH:2
FNDA:8,Name
FNDA:3,get value
DA:1,1
DA:2,1
DA:3,1
DA:4,8
DA:5,2
DA:6,2
DA:7,6
DA:8,6
DA:9,1
DA:10,1
DA:11,3
DA:12,3
DA:13,1
LF:13
LH:13
BRDA:3,0,0,8
BRDA:4,1,0,6
BRDA:4,2,0,2
BRDA:10,3,0,3
BRF:4
BRH:4
end_of_record
TN:
SF:src\domain\valueObject\Password.ts
FN:4,Password
FN:6,create
FN:13,encrypt
FN:21,validate
FNF:4
FNH:4
FNDA:5,Password
FNDA:6,create
FNDA:6,encrypt
FNDA:1,validate
DA:1,1
DA:2,1
DA:3,1
DA:4,1
DA:5,1
DA:6,1
DA:7,6
DA:8,5
DA:9,6
DA:10,6
DA:11,6
DA:12,1
DA:13,1
DA:14,6
DA:15,6
DA:16,5
DA:17,6
DA:18,6
DA:19,6
DA:20,1
DA:21,1
DA:22,1
DA:23,1
DA:24,1
DA:25,1
LF:25
LH:25
BRDA:4,0,0,5
BRDA:6,1,0,6
BRDA:7,2,0,1
BRDA:8,3,0,5
BRDA:9,4,0,0
BRDA:13,5,0,6
BRDA:14,6,0,6
BRDA:15,7,0,5
BRDA:21,8,0,1
BRF:9
BRH:8
end_of_record
TN:
SF:src\infra\repository\memory\UserMemoryRepository.ts
FN:7,UserMemoryRepository
FN:11,save
FN:15,getByEmail
FNF:3
FNH:3
FNDA:2,UserMemoryRepository
FNDA:1,save
FNDA:1,getByEmail
DA:1,1
DA:2,1
DA:3,1
DA:4,1
DA:5,1
DA:6,1
DA:7,1
DA:8,2
DA:9,2
DA:10,1
DA:11,1
DA:12,1
DA:13,1
DA:14,1
DA:15,1
DA:16,1
DA:17,1
DA:18,1
LF:18
LH:18
BRDA:7,0,0,2
BRDA:11,1,0,1
BRDA:15,2,0,1
BRDA:16,3,0,1
BRF:4
BRH:4
end_of_record
TN:
SF:src\infra\service\JwtTokenGenerator.ts
FN:6,JwtTokenGenerator
FN:7,verify
FN:10,generate
FNF:3
FNH:3
FNDA:2,JwtTokenGenerator
FNDA:1,verify
FNDA:1,generate
DA:1,1
DA:2,1
DA:3,1
DA:4,1
DA:5,1
DA:6,1
DA:7,1
DA:8,1
DA:9,1
DA:10,1
DA:11,1
DA:12,1
DA:13,1
DA:14,1
DA:15,1
DA:16,1
LF:16
LH:16
BRDA:6,0,0,2
BRDA:7,1,0,1
BRDA:10,2,0,1
BRF:3
BRH:3
end_of_record
